This file contains any messages produced by compilers while
running configure, to aid debugging if configure makes a mistake.

It was created by configure, which was
generated by GNU Autoconf 2.59.  Invocation command line was

  $ ./configure 

## --------- ##
## Platform. ##
## --------- ##

hostname = keith-desktop
uname -m = i686
uname -r = 2.6.22-14-386
uname -s = Linux
uname -v = #1 Fri Feb 1 04:32:03 UTC 2008

/usr/bin/uname -p = unknown
/bin/uname -X     = unknown

/bin/arch              = unknown
/usr/bin/arch -k       = unknown
/usr/convex/getsysinfo = unknown
hostinfo               = unknown
/bin/machine           = unknown
/usr/bin/oslevel       = unknown
/bin/universe          = unknown

PATH: /usr/local/sbin
PATH: /usr/local/bin
PATH: /usr/sbin
PATH: /usr/bin
PATH: /sbin
PATH: /bin
PATH: /usr/games
PATH: ~/bin


## ----------- ##
## Core tests. ##
## ----------- ##

configure:1585: checking for a BSD-compatible install
configure:1640: result: /usr/bin/install -c
configure:1651: checking whether build environment is sane
configure:1694: result: yes
configure:1759: checking for gawk
configure:1775: found /usr/bin/gawk
configure:1785: result: gawk
configure:1795: checking whether make sets $(MAKE)
configure:1815: result: yes
configure:1992: checking whether to enable maintainer-specific portions of Makefiles
configure:2001: result: no
configure:2028: checking for style of include used by make
configure:2056: result: GNU
configure:2127: checking for gcc
configure:2143: found /usr/bin/gcc
configure:2153: result: gcc
configure:2397: checking for C compiler version
configure:2400: gcc --version </dev/null >&5
gcc (GCC) 4.1.3 20070929 (prerelease) (Ubuntu 4.1.2-16ubuntu2)
Copyright (C) 2006 Free Software Foundation, Inc.
This is free software; see the source for copying conditions.  There is NO
warranty; not even for MERCHANTABILITY or FITNESS FOR A PARTICULAR PURPOSE.

configure:2403: $? = 0
configure:2405: gcc -v </dev/null >&5
Using built-in specs.
Target: i486-linux-gnu
Configured with: ../src/configure -v --enable-languages=c,c++,fortran,objc,obj-c++,treelang --prefix=/usr --enable-shared --with-system-zlib --libexecdir=/usr/lib --without-included-gettext --enable-threads=posix --enable-nls --with-gxx-include-dir=/usr/include/c++/4.1.3 --program-suffix=-4.1 --enable-__cxa_atexit --enable-clocale=gnu --enable-libstdcxx-debug --enable-mpfr --enable-checking=release i486-linux-gnu
Thread model: posix
gcc version 4.1.3 20070929 (prerelease) (Ubuntu 4.1.2-16ubuntu2)
configure:2408: $? = 0
configure:2410: gcc -V </dev/null >&5
gcc: '-V' option must have argument
configure:2413: $? = 1
configure:2436: checking for C compiler default output file name
configure:2439: gcc    conftest.c  >&5
configure:2442: $? = 0
configure:2488: result: a.out
configure:2493: checking whether the C compiler works
configure:2499: ./a.out
configure:2502: $? = 0
configure:2519: result: yes
configure:2526: checking whether we are cross compiling
configure:2528: result: no
configure:2531: checking for suffix of executables
configure:2533: gcc -o conftest    conftest.c  >&5
configure:2536: $? = 0
configure:2561: result: 
configure:2567: checking for suffix of object files
configure:2588: gcc -c   conftest.c >&5
configure:2591: $? = 0
configure:2613: result: o
configure:2617: checking whether we are using the GNU C compiler
configure:2641: gcc -c   conftest.c >&5
configure:2647: $? = 0
configure:2651: test -z 
			 || test ! -s conftest.err
configure:2654: $? = 0
configure:2657: test -s conftest.o
configure:2660: $? = 0
configure:2673: result: yes
configure:2679: checking whether gcc accepts -g
configure:2700: gcc -c -g  conftest.c >&5
configure:2706: $? = 0
configure:2710: test -z 
			 || test ! -s conftest.err
configure:2713: $? = 0
configure:2716: test -s conftest.o
configure:2719: $? = 0
configure:2730: result: yes
configure:2747: checking for gcc option to accept ANSI C
configure:2817: gcc  -c -g -O2  conftest.c >&5
configure:2823: $? = 0
configure:2827: test -z 
			 || test ! -s conftest.err
configure:2830: $? = 0
configure:2833: test -s conftest.o
configure:2836: $? = 0
configure:2854: result: none needed
configure:2872: gcc -c -g -O2  conftest.c >&5
conftest.c:2: error: expected '=', ',', ';', 'asm' or '__attribute__' before 'me'
configure:2878: $? = 1
configure: failed program was:
| #ifndef __cplusplus
|   choke me
| #endif
configure:3013: checking dependency style of gcc
configure:3103: result: gcc3
configure:3164: checking for ranlib
configure:3180: found /usr/bin/ranlib
configure:3191: result: ranlib
configure:3209: checking for bison
configure:3238: result: no
configure:3209: checking for byacc
configure:3238: result: no
configure:3209: checking for yacc
configure:3238: result: no
configure:3256: checking for flex
configure:3285: result: no
configure:3256: checking for lex
configure:3285: result: no
configure:3339: checking for gcc
configure:3365: result: gcc
configure:3609: checking for C compiler version
configure:3612: gcc --version </dev/null >&5
gcc (GCC) 4.1.3 20070929 (prerelease) (Ubuntu 4.1.2-16ubuntu2)
Copyright (C) 2006 Free Software Foundation, Inc.
This is free software; see the source for copying conditions.  There is NO
warranty; not even for MERCHANTABILITY or FITNESS FOR A PARTICULAR PURPOSE.

configure:3615: $? = 0
configure:3617: gcc -v </dev/null >&5
Using built-in specs.
Target: i486-linux-gnu
Configured with: ../src/configure -v --enable-languages=c,c++,fortran,objc,obj-c++,treelang --prefix=/usr --enable-shared --with-system-zlib --libexecdir=/usr/lib --without-included-gettext --enable-threads=posix --enable-nls --with-gxx-include-dir=/usr/include/c++/4.1.3 --program-suffix=-4.1 --enable-__cxa_atexit --enable-clocale=gnu --enable-libstdcxx-debug --enable-mpfr --enable-checking=release i486-linux-gnu
Thread model: posix
gcc version 4.1.3 20070929 (prerelease) (Ubuntu 4.1.2-16ubuntu2)
configure:3620: $? = 0
configure:3622: gcc -V </dev/null >&5
gcc: '-V' option must have argument
configure:3625: $? = 1
configure:3628: checking whether we are using the GNU C compiler
configure:3684: result: yes
configure:3690: checking whether gcc accepts -g
configure:3741: result: yes
configure:3758: checking for gcc option to accept ANSI C
configure:3865: result: none needed
configure:3883: gcc -c -g -O2  conftest.c >&5
conftest.c:2: error: expected '=', ',', ';', 'asm' or '__attribute__' before 'me'
configure:3889: $? = 1
configure: failed program was:
| #ifndef __cplusplus
|   choke me
| #endif
configure:4024: checking dependency style of gcc
configure:4114: result: gcc3
configure:4209: checking build system type
configure:4227: result: i686-pc-linux-gnu
configure:4235: checking host system type
configure:4249: result: i686-pc-linux-gnu
configure:4257: checking for a sed that does not truncate output
configure:4313: result: /bin/sed
configure:4316: checking for egrep
configure:4326: result: grep -E
configure:4342: checking for ld used by gcc
configure:4409: result: /usr/bin/ld
configure:4418: checking if the linker (/usr/bin/ld) is GNU ld
configure:4433: result: yes
configure:4438: checking for /usr/bin/ld option to reload object files
configure:4445: result: -r
configure:4463: checking for BSD-compatible nm
configure:4512: result: /usr/bin/nm -B
configure:4516: checking whether ln -s works
configure:4520: result: yes
configure:4527: checking how to recognise dependent libraries
configure:4703: result: pass_all
configure:4940: checking how to run the C preprocessor
configure:4975: gcc -E  conftest.c
configure:4981: $? = 0
configure:5013: gcc -E  conftest.c
conftest.c:11:28: error: ac_nonexistent.h: No such file or directory
configure:5019: $? = 1
configure: failed program was:
| /* confdefs.h.  */
| 
| #define PACKAGE_NAME ""
| #define PACKAGE_TARNAME ""
| #define PACKAGE_VERSION ""
| #define PACKAGE_STRING ""
| #define PACKAGE_BUGREPORT ""
| #define PACKAGE "snort"
| #define VERSION "2.8.0.1"
| /* end confdefs.h.  */
| #include <ac_nonexistent.h>
configure:5058: result: gcc -E
configure:5082: gcc -E  conftest.c
configure:5088: $? = 0
configure:5120: gcc -E  conftest.c
conftest.c:11:28: error: ac_nonexistent.h: No such file or directory
configure:5126: $? = 1
configure: failed program was:
| /* confdefs.h.  */
| 
| #define PACKAGE_NAME ""
| #define PACKAGE_TARNAME ""
| #define PACKAGE_VERSION ""
| #define PACKAGE_STRING ""
| #define PACKAGE_BUGREPORT ""
| #define PACKAGE "snort"
| #define VERSION "2.8.0.1"
| /* end confdefs.h.  */
| #include <ac_nonexistent.h>
configure:5170: checking for ANSI C header files
configure:5195: gcc -c -g -O2  conftest.c >&5
configure:5201: $? = 0
configure:5205: test -z 
			 || test ! -s conftest.err
configure:5208: $? = 0
configure:5211: test -s conftest.o
configure:5214: $? = 0
configure:5303: gcc -o conftest -g -O2   conftest.c  >&5
conftest.c: In function 'main':
conftest.c:28: warning: incompatible implicit declaration of built-in function 'exit'
configure:5306: $? = 0
configure:5308: ./conftest
configure:5311: $? = 0
configure:5326: result: yes
configure:5350: checking for sys/types.h
configure:5366: gcc -c -g -O2  conftest.c >&5
configure:5372: $? = 0
configure:5376: test -z 
			 || test ! -s conftest.err
configure:5379: $? = 0
configure:5382: test -s conftest.o
configure:5385: $? = 0
configure:5396: result: yes
configure:5350: checking for sys/stat.h
configure:5366: gcc -c -g -O2  conftest.c >&5
configure:5372: $? = 0
configure:5376: test -z 
			 || test ! -s conftest.err
configure:5379: $? = 0
configure:5382: test -s conftest.o
configure:5385: $? = 0
configure:5396: result: yes
configure:5350: checking for stdlib.h
configure:5366: gcc -c -g -O2  conftest.c >&5
configure:5372: $? = 0
configure:5376: test -z 
			 || test ! -s conftest.err
configure:5379: $? = 0
configure:5382: test -s conftest.o
configure:5385: $? = 0
configure:5396: result: yes
configure:5350: checking for string.h
configure:5366: gcc -c -g -O2  conftest.c >&5
configure:5372: $? = 0
configure:5376: test -z 
			 || test ! -s conftest.err
configure:5379: $? = 0
configure:5382: test -s conftest.o
configure:5385: $? = 0
configure:5396: result: yes
configure:5350: checking for memory.h
configure:5366: gcc -c -g -O2  conftest.c >&5
configure:5372: $? = 0
configure:5376: test -z 
			 || test ! -s conftest.err
configure:5379: $? = 0
configure:5382: test -s conftest.o
configure:5385: $? = 0
configure:5396: result: yes
configure:5350: checking for strings.h
configure:5366: gcc -c -g -O2  conftest.c >&5
configure:5372: $? = 0
configure:5376: test -z 
			 || test ! -s conftest.err
configure:5379: $? = 0
configure:5382: test -s conftest.o
configure:5385: $? = 0
configure:5396: result: yes
configure:5350: checking for inttypes.h
configure:5366: gcc -c -g -O2  conftest.c >&5
configure:5372: $? = 0
configure:5376: test -z 
			 || test ! -s conftest.err
configure:5379: $? = 0
configure:5382: test -s conftest.o
configure:5385: $? = 0
configure:5396: result: yes
configure:5350: checking for stdint.h
configure:5366: gcc -c -g -O2  conftest.c >&5
configure:5372: $? = 0
configure:5376: test -z 
			 || test ! -s conftest.err
configure:5379: $? = 0
configure:5382: test -s conftest.o
configure:5385: $? = 0
configure:5396: result: yes
configure:5350: checking for unistd.h
configure:5366: gcc -c -g -O2  conftest.c >&5
configure:5372: $? = 0
configure:5376: test -z 
			 || test ! -s conftest.err
configure:5379: $? = 0
configure:5382: test -s conftest.o
configure:5385: $? = 0
configure:5396: result: yes
configure:5422: checking dlfcn.h usability
configure:5434: gcc -c -g -O2  conftest.c >&5
configure:5440: $? = 0
configure:5444: test -z 
			 || test ! -s conftest.err
configure:5447: $? = 0
configure:5450: test -s conftest.o
configure:5453: $? = 0
configure:5463: result: yes
configure:5467: checking dlfcn.h presence
configure:5477: gcc -E  conftest.c
configure:5483: $? = 0
configure:5503: result: yes
configure:5538: checking for dlfcn.h
configure:5545: result: yes
configure:5610: checking for g++
configure:5626: found /usr/bin/g++
configure:5636: result: g++
configure:5652: checking for C++ compiler version
configure:5655: g++ --version </dev/null >&5
g++ (GCC) 4.1.3 20070929 (prerelease) (Ubuntu 4.1.2-16ubuntu2)
Copyright (C) 2006 Free Software Foundation, Inc.
This is free software; see the source for copying conditions.  There is NO
warranty; not even for MERCHANTABILITY or FITNESS FOR A PARTICULAR PURPOSE.

configure:5658: $? = 0
configure:5660: g++ -v </dev/null >&5
Using built-in specs.
Target: i486-linux-gnu
Configured with: ../src/configure -v --enable-languages=c,c++,fortran,objc,obj-c++,treelang --prefix=/usr --enable-shared --with-system-zlib --libexecdir=/usr/lib --without-included-gettext --enable-threads=posix --enable-nls --with-gxx-include-dir=/usr/include/c++/4.1.3 --program-suffix=-4.1 --enable-__cxa_atexit --enable-clocale=gnu --enable-libstdcxx-debug --enable-mpfr --enable-checking=release i486-linux-gnu
Thread model: posix
gcc version 4.1.3 20070929 (prerelease) (Ubuntu 4.1.2-16ubuntu2)
configure:5663: $? = 0
configure:5665: g++ -V </dev/null >&5
g++: '-V' option must have argument
configure:5668: $? = 1
configure:5671: checking whether we are using the GNU C++ compiler
configure:5695: g++ -c   conftest.cc >&5
configure:5701: $? = 0
configure:5705: test -z 
			 || test ! -s conftest.err
configure:5708: $? = 0
configure:5711: test -s conftest.o
configure:5714: $? = 0
configure:5727: result: yes
configure:5733: checking whether g++ accepts -g
configure:5754: g++ -c -g  conftest.cc >&5
configure:5760: $? = 0
configure:5764: test -z 
			 || test ! -s conftest.err
configure:5767: $? = 0
configure:5770: test -s conftest.o
configure:5773: $? = 0
configure:5784: result: yes
configure:5826: g++ -c -g -O2  conftest.cc >&5
configure:5832: $? = 0
configure:5836: test -z 
			 || test ! -s conftest.err
configure:5839: $? = 0
configure:5842: test -s conftest.o
configure:5845: $? = 0
configure:5871: g++ -c -g -O2  conftest.cc >&5
conftest.cc: In function 'int main()':
conftest.cc:26: error: 'exit' was not declared in this scope
configure:5877: $? = 1
configure: failed program was:
| /* confdefs.h.  */
| 
| #define PACKAGE_NAME ""
| #define PACKAGE_TARNAME ""
| #define PACKAGE_VERSION ""
| #define PACKAGE_STRING ""
| #define PACKAGE_BUGREPORT ""
| #define PACKAGE "snort"
| #define VERSION "2.8.0.1"
| #define STDC_HEADERS 1
| #define HAVE_SYS_TYPES_H 1
| #define HAVE_SYS_STAT_H 1
| #define HAVE_STDLIB_H 1
| #define HAVE_STRING_H 1
| #define HAVE_MEMORY_H 1
| #define HAVE_STRINGS_H 1
| #define HAVE_INTTYPES_H 1
| #define HAVE_STDINT_H 1
| #define HAVE_UNISTD_H 1
| #define HAVE_DLFCN_H 1
| /* end confdefs.h.  */
| 
| int
| main ()
| {
| exit (42);
|   ;
|   return 0;
| }
configure:5826: g++ -c -g -O2  conftest.cc >&5
configure:5832: $? = 0
configure:5836: test -z 
			 || test ! -s conftest.err
configure:5839: $? = 0
configure:5842: test -s conftest.o
configure:5845: $? = 0
configure:5871: g++ -c -g -O2  conftest.cc >&5
configure:5877: $? = 0
configure:5881: test -z 
			 || test ! -s conftest.err
configure:5884: $? = 0
configure:5887: test -s conftest.o
configure:5890: $? = 0
configure:5915: checking dependency style of g++
configure:6005: result: gcc3
configure:6032: checking how to run the C++ preprocessor
configure:6063: g++ -E  conftest.cc
configure:6069: $? = 0
configure:6101: g++ -E  conftest.cc
conftest.cc:25:28: error: ac_nonexistent.h: No such file or directory
configure:6107: $? = 1
configure: failed program was:
| /* confdefs.h.  */
| 
| #define PACKAGE_NAME ""
| #define PACKAGE_TARNAME ""
| #define PACKAGE_VERSION ""
| #define PACKAGE_STRING ""
| #define PACKAGE_BUGREPORT ""
| #define PACKAGE "snort"
| #define VERSION "2.8.0.1"
| #define STDC_HEADERS 1
| #define HAVE_SYS_TYPES_H 1
| #define HAVE_SYS_STAT_H 1
| #define HAVE_STDLIB_H 1
| #define HAVE_STRING_H 1
| #define HAVE_MEMORY_H 1
| #define HAVE_STRINGS_H 1
| #define HAVE_INTTYPES_H 1
| #define HAVE_STDINT_H 1
| #define HAVE_UNISTD_H 1
| #define HAVE_DLFCN_H 1
| #ifdef __cplusplus
| extern "C" void std::exit (int) throw (); using std::exit;
| #endif
| /* end confdefs.h.  */
| #include <ac_nonexistent.h>
configure:6146: result: g++ -E
configure:6170: g++ -E  conftest.cc
configure:6176: $? = 0
configure:6208: g++ -E  conftest.cc
conftest.cc:25:28: error: ac_nonexistent.h: No such file or directory
configure:6214: $? = 1
configure: failed program was:
| /* confdefs.h.  */
| 
| #define PACKAGE_NAME ""
| #define PACKAGE_TARNAME ""
| #define PACKAGE_VERSION ""
| #define PACKAGE_STRING ""
| #define PACKAGE_BUGREPORT ""
| #define PACKAGE "snort"
| #define VERSION "2.8.0.1"
| #define STDC_HEADERS 1
| #define HAVE_SYS_TYPES_H 1
| #define HAVE_SYS_STAT_H 1
| #define HAVE_STDLIB_H 1
| #define HAVE_STRING_H 1
| #define HAVE_MEMORY_H 1
| #define HAVE_STRINGS_H 1
| #define HAVE_INTTYPES_H 1
| #define HAVE_STDINT_H 1
| #define HAVE_UNISTD_H 1
| #define HAVE_DLFCN_H 1
| #ifdef __cplusplus
| extern "C" void std::exit (int) throw (); using std::exit;
| #endif
| /* end confdefs.h.  */
| #include <ac_nonexistent.h>
configure:6311: checking for g77
configure:6340: result: no
configure:6311: checking for f77
configure:6340: result: no
configure:6311: checking for xlf
configure:6340: result: no
configure:6311: checking for frt
configure:6340: result: no
configure:6311: checking for pgf77
configure:6340: result: no
configure:6311: checking for fort77
configure:6340: result: no
configure:6311: checking for fl32
configure:6340: result: no
configure:6311: checking for af77
configure:6340: result: no
configure:6311: checking for f90
configure:6340: result: no
configure:6311: checking for xlf90
configure:6340: result: no
configure:6311: checking for pgf90
configure:6340: result: no
configure:6311: checking for epcf90
configure:6340: result: no
configure:6311: checking for f95
configure:6340: result: no
configure:6311: checking for fort
configure:6340: result: no
configure:6311: checking for xlf95
configure:6340: result: no
configure:6311: checking for ifc
configure:6340: result: no
configure:6311: checking for efc
configure:6340: result: no
configure:6311: checking for pgf95
configure:6340: result: no
configure:6311: checking for lf95
configure:6340: result: no
configure:6311: checking for gfortran
configure:6340: result: no
configure:6352: checking for Fortran 77 compiler version
configure:6355:  --version </dev/null >&5
./configure: line 6356: --version: command not found
configure:6358: $? = 127
configure:6360:  -v </dev/null >&5
./configure: line 6361: -v: command not found
configure:6363: $? = 127
configure:6365:  -V </dev/null >&5
./configure: line 6366: -V: command not found
configure:6368: $? = 127
configure:6376: checking whether we are using the GNU Fortran 77 compiler
configure:6390:  -c  conftest.F >&5
./configure: line 6391: -c: command not found
configure:6396: $? = 127
configure: failed program was:
|       program main
| #ifndef __GNUC__
|        choke me
| #endif
| 
|       end
configure:6422: result: no
configure:6428: checking whether  accepts -g
configure:6440:  -c -g conftest.f >&5
./configure: line 6441: -c: command not found
configure:6446: $? = 127
configure: failed program was:
|       program main
| 
|       end
configure:6471: result: no
configure:6501: checking the maximum length of command line arguments
configure:6610: result: 32768
configure:6621: checking command to parse /usr/bin/nm -B output from gcc object
configure:6726: gcc -c -g -O2  conftest.c >&5
configure:6729: $? = 0
configure:6733: /usr/bin/nm -B conftest.o \| sed -n -e 's/^.*[ 	]\([ABCDGIRSTW][ABCDGIRSTW]*\)[ 	][ 	]*\([_A-Za-z][_A-Za-z0-9]*\)$/\1 \2 \2/p' \> conftest.nm
configure:6736: $? = 0
configure:6788: gcc -o conftest -g -O2   conftest.c conftstm.o >&5
configure:6791: $? = 0
configure:6829: result: ok
configure:6833: checking for objdir
configure:6848: result: .libs
configure:6938: checking for ar
configure:6954: found /usr/bin/ar
configure:6965: result: ar
configure:7018: checking for ranlib
configure:7045: result: ranlib
configure:7098: checking for strip
configure:7114: found /usr/bin/strip
configure:7125: result: strip
configure:7397: checking if gcc supports -fno-rtti -fno-exceptions
configure:7415: gcc -c -g -O2  -fno-rtti -fno-exceptions conftest.c >&5
cc1: warning: command line option "-fno-rtti" is valid for C++/ObjC++ but not for C
configure:7419: $? = 0
configure:7432: result: no
configure:7447: checking for gcc option to produce PIC
configure:7657: result: -fPIC
configure:7665: checking if gcc PIC flag -fPIC works
configure:7683: gcc -c -g -O2  -fPIC -DPIC conftest.c >&5
configure:7687: $? = 0
configure:7700: result: yes
configure:7728: checking if gcc static flag -static works
configure:7756: result: yes
configure:7766: checking if gcc supports -c -o file.o
configure:7787: gcc -c -g -O2  -o out/conftest2.o conftest.c >&5
configure:7791: $? = 0
configure:7813: result: yes
configure:7839: checking whether the gcc linker (/usr/bin/ld) supports shared libraries
configure:8797: result: yes
configure:8818: checking whether -lc should be explicitly linked in
configure:8823: gcc -c -g -O2  conftest.c >&5
configure:8826: $? = 0
configure:8841: gcc -shared conftest.o  -v -Wl,-soname -Wl,conftest -o conftest 2\>\&1 \| grep  -lc  \>/dev/null 2\>\&1
configure:8844: $? = 0
configure:8856: result: no
configure:8864: checking dynamic linker characteristics
configure:9473: result: GNU/Linux ld.so
configure:9482: checking how to hardcode library paths into programs
configure:9507: result: immediate
configure:9521: checking whether stripping libraries is possible
configure:9526: result: yes
configure:10360: checking if libtool supports shared libraries
configure:10362: result: yes
configure:10365: checking whether to build shared libraries
configure:10386: result: yes
configure:10389: checking whether to build static libraries
configure:10393: result: yes
configure:10485: creating libtool
configure:11076: checking for ld used by g++
configure:11143: result: /usr/bin/ld
configure:11152: checking if the linker (/usr/bin/ld) is GNU ld
configure:11167: result: yes
configure:11218: checking whether the g++ linker (/usr/bin/ld) supports shared libraries
configure:12156: result: yes
configure:12174: g++ -c -g -O2  conftest.cpp >&5
configure:12177: $? = 0
configure:12296: checking for g++ option to produce PIC
configure:12570: result: -fPIC
configure:12578: checking if g++ PIC flag -fPIC works
configure:12596: g++ -c -g -O2  -fPIC -DPIC conftest.cpp >&5
configure:12600: $? = 0
configure:12613: result: yes
configure:12641: checking if g++ static flag -static works
configure:12669: result: yes
configure:12679: checking if g++ supports -c -o file.o
configure:12700: g++ -c -g -O2  -o out/conftest2.o conftest.cpp >&5
configure:12704: $? = 0
configure:12726: result: yes
configure:12752: checking whether the g++ linker (/usr/bin/ld) supports shared libraries
configure:12777: result: yes
configure:12844: checking dynamic linker characteristics
configure:13453: result: GNU/Linux ld.so
configure:13462: checking how to hardcode library paths into programs
configure:13487: result: immediate
configure:19723: checking whether byte ordering is bigendian
configure:19750: gcc -c -g -O2 -Wall  conftest.c >&5
configure:19756: $? = 0
configure:19760: test -z 
			 || test ! -s conftest.err
configure:19763: $? = 0
configure:19766: test -s conftest.o
configure:19769: $? = 0
configure:19793: gcc -c -g -O2 -Wall  conftest.c >&5
conftest.c: In function 'main':
conftest.c:32: error: 'not' undeclared (first use in this function)
conftest.c:32: error: (Each undeclared identifier is reported only once
conftest.c:32: error: for each function it appears in.)
conftest.c:32: error: expected ';' before 'big'
configure:19799: $? = 1
configure: failed program was:
| /* confdefs.h.  */
| 
| #define PACKAGE_NAME ""
| #define PACKAGE_TARNAME ""
| #define PACKAGE_VERSION ""
| #define PACKAGE_STRING ""
| #define PACKAGE_BUGREPORT ""
| #define PACKAGE "snort"
| #define VERSION "2.8.0.1"
| #define STDC_HEADERS 1
| #define HAVE_SYS_TYPES_H 1
| #define HAVE_SYS_STAT_H 1
| #define HAVE_STDLIB_H 1
| #define HAVE_STRING_H 1
| #define HAVE_MEMORY_H 1
| #define HAVE_STRINGS_H 1
| #define HAVE_INTTYPES_H 1
| #define HAVE_STDINT_H 1
| #define HAVE_UNISTD_H 1
| #define HAVE_DLFCN_H 1
| #ifdef __cplusplus
| extern "C" void std::exit (int) throw (); using std::exit;
| #endif
| /* end confdefs.h.  */
| #include <sys/types.h>
| #include <sys/param.h>
| 
| int
| main ()
| {
| #if BYTE_ORDER != BIG_ENDIAN
|  not big endian
| #endif
| 
|   ;
|   return 0;
| }
configure:19934: result: no
configure:20109: checking for sparc alignment
configure:20120: result: no
configure:20129: checking for strings.h
configure:20134: result: yes
configure:20279: checking for string.h
configure:20284: result: yes
configure:20429: checking for stdlib.h
configure:20434: result: yes
configure:20579: checking for unistd.h
configure:20584: result: yes
configure:20738: checking sys/sockio.h usability
configure:20750: gcc -c -g -O2 -Wall  conftest.c >&5
conftest.c:65:24: error: sys/sockio.h: No such file or directory
configure:20756: $? = 1
configure: failed program was:
| /* confdefs.h.  */
| 
| #define PACKAGE_NAME ""
| #define PACKAGE_TARNAME ""
| #define PACKAGE_VERSION ""
| #define PACKAGE_STRING ""
| #define PACKAGE_BUGREPORT ""
| #define PACKAGE "snort"
| #define VERSION "2.8.0.1"
| #define STDC_HEADERS 1
| #define HAVE_SYS_TYPES_H 1
| #define HAVE_SYS_STAT_H 1
| #define HAVE_STDLIB_H 1
| #define HAVE_STRING_H 1
| #define HAVE_MEMORY_H 1
| #define HAVE_STRINGS_H 1
| #define HAVE_INTTYPES_H 1
| #define HAVE_STDINT_H 1
| #define HAVE_UNISTD_H 1
| #define HAVE_DLFCN_H 1
| #ifdef __cplusplus
| extern "C" void std::exit (int) throw (); using std::exit;
| #endif
| #define LINUX
| #define PCAP_TIMEOUT_IGNORED
| #define HAVE_STRINGS_H 1
| #define HAVE_STRING_H 1
| #define HAVE_STDLIB_H 1
| #define HAVE_UNISTD_H 1
| /* end confdefs.h.  */
| #include <stdio.h>
| #if HAVE_SYS_TYPES_H
| # include <sys/types.h>
| #endif
| #if HAVE_SYS_STAT_H
| # include <sys/stat.h>
| #endif
| #if STDC_HEADERS
| # include <stdlib.h>
| # include <stddef.h>
| #else
| # if HAVE_STDLIB_H
| #  include <stdlib.h>
| # endif
| #endif
| #if HAVE_STRING_H
| # if !STDC_HEADERS && HAVE_MEMORY_H
| #  include <memory.h>
| # endif
| # include <string.h>
| #endif
| #if HAVE_STRINGS_H
| # include <strings.h>
| #endif
| #if HAVE_INTTYPES_H
| # include <inttypes.h>
| #else
| # if HAVE_STDINT_H
| #  include <stdint.h>
| # endif
| #endif
| #if HAVE_UNISTD_H
| # include <unistd.h>
| #endif
| #include <sys/sockio.h>
configure:20779: result: no
configure:20783: checking sys/sockio.h presence
configure:20793: gcc -E  conftest.c
conftest.c:31:24: error: sys/sockio.h: No such file or directory
configure:20799: $? = 1
configure: failed program was:
| /* confdefs.h.  */
| 
| #define PACKAGE_NAME ""
| #define PACKAGE_TARNAME ""
| #define PACKAGE_VERSION ""
| #define PACKAGE_STRING ""
| #define PACKAGE_BUGREPORT ""
| #define PACKAGE "snort"
| #define VERSION "2.8.0.1"
| #define STDC_HEADERS 1
| #define HAVE_SYS_TYPES_H 1
| #define HAVE_SYS_STAT_H 1
| #define HAVE_STDLIB_H 1
| #define HAVE_STRING_H 1
| #define HAVE_MEMORY_H 1
| #define HAVE_STRINGS_H 1
| #define HAVE_INTTYPES_H 1
| #define HAVE_STDINT_H 1
| #define HAVE_UNISTD_H 1
| #define HAVE_DLFCN_H 1
| #ifdef __cplusplus
| extern "C" void std::exit (int) throw (); using std::exit;
| #endif
| #define LINUX
| #define PCAP_TIMEOUT_IGNORED
| #define HAVE_STRINGS_H 1
| #define HAVE_STRING_H 1
| #define HAVE_STDLIB_H 1
| #define HAVE_UNISTD_H 1
| /* end confdefs.h.  */
| #include <sys/sockio.h>
configure:20819: result: no
configure:20854: checking for sys/sockio.h
configure:20861: result: no
configure:20888: checking paths.h usability
configure:20900: gcc -c -g -O2 -Wall  conftest.c >&5
configure:20906: $? = 0
configure:20910: test -z 
			 || test ! -s conftest.err
configure:20913: $? = 0
configure:20916: test -s conftest.o
configure:20919: $? = 0
configure:20929: result: yes
configure:20933: checking paths.h presence
configure:20943: gcc -E  conftest.c
configure:20949: $? = 0
configure:20969: result: yes
configure:21004: checking for paths.h
configure:21011: result: yes
configure:21029: checking for inttypes.h
configure:21034: result: yes
configure:21189: checking wchar.h usability
configure:21201: gcc -c -g -O2 -Wall  conftest.c >&5
configure:21207: $? = 0
configure:21211: test -z 
			 || test ! -s conftest.err
configure:21214: $? = 0
configure:21217: test -s conftest.o
configure:21220: $? = 0
configure:21230: result: yes
configure:21234: checking wchar.h presence
configure:21244: gcc -E  conftest.c
configure:21250: $? = 0
configure:21270: result: yes
configure:21305: checking for wchar.h
configure:21312: result: yes
configure:21327: checking for inet_ntoa in -lnsl
configure:21357: gcc -o conftest -g -O2 -Wall   conftest.c -lnsl   >&5
configure:21363: $? = 0
configure:21367: test -z 
			 || test ! -s conftest.err
configure:21370: $? = 0
configure:21373: test -s conftest
configure:21376: $? = 0
configure:21389: result: yes
configure:21404: checking for socket in -lsocket
configure:21434: gcc -o conftest -g -O2 -Wall   conftest.c -lsocket  -lnsl  >&5
/usr/bin/ld: cannot find -lsocket
collect2: ld returned 1 exit status
configure:21440: $? = 1
configure: failed program was:
| /* confdefs.h.  */
| 
| #define PACKAGE_NAME ""
| #define PACKAGE_TARNAME ""
| #define PACKAGE_VERSION ""
| #define PACKAGE_STRING ""
| #define PACKAGE_BUGREPORT ""
| #define PACKAGE "snort"
| #define VERSION "2.8.0.1"
| #define STDC_HEADERS 1
| #define HAVE_SYS_TYPES_H 1
| #define HAVE_SYS_STAT_H 1
| #define HAVE_STDLIB_H 1
| #define HAVE_STRING_H 1
| #define HAVE_MEMORY_H 1
| #define HAVE_STRINGS_H 1
| #define HAVE_INTTYPES_H 1
| #define HAVE_STDINT_H 1
| #define HAVE_UNISTD_H 1
| #define HAVE_DLFCN_H 1
| #ifdef __cplusplus
| extern "C" void std::exit (int) throw (); using std::exit;
| #endif
| #define LINUX
| #define PCAP_TIMEOUT_IGNORED
| #define HAVE_STRINGS_H 1
| #define HAVE_STRING_H 1
| #define HAVE_STDLIB_H 1
| #define HAVE_UNISTD_H 1
| #define HAVE_PATHS_H 1
| #define HAVE_INTTYPES_H 1
| #define HAVE_WCHAR_H 1
| #define HAVE_LIBNSL 1
| /* end confdefs.h.  */
| 
| /* Override any gcc2 internal prototype to avoid an error.  */
| #ifdef __cplusplus
| extern "C"
| #endif
| /* We use char because int might match the return type of a gcc2
|    builtin and then its argument prototype would still apply.  */
| char socket ();
| int
| main ()
| {
| socket ();
|   ;
|   return 0;
| }
configure:21466: result: no
configure:21715: checking whether printf must be declared
configure:21753: gcc -c -g -O2 -Wall  conftest.c >&5
conftest.c: In function 'main':
conftest.c:56: warning: unused variable 'pfn'
configure:21759: $? = 0
configure:21763: test -z 
			 || test ! -s conftest.err
configure:21766: $? = 0
configure:21769: test -s conftest.o
configure:21772: $? = 0
configure:21796: result: no
configure:21715: checking whether fprintf must be declared
configure:21753: gcc -c -g -O2 -Wall  conftest.c >&5
conftest.c: In function 'main':
conftest.c:56: warning: unused variable 'pfn'
configure:21759: $? = 0
configure:21763: test -z 
			 || test ! -s conftest.err
configure:21766: $? = 0
configure:21769: test -s conftest.o
configure:21772: $? = 0
configure:21796: result: no
configure:21715: checking whether syslog must be declared
configure:21753: gcc -c -g -O2 -Wall  conftest.c >&5
conftest.c: In function 'main':
conftest.c:56: warning: unused variable 'pfn'
configure:21759: $? = 0
configure:21763: test -z 
			 || test ! -s conftest.err
configure:21766: $? = 0
configure:21769: test -s conftest.o
configure:21772: $? = 0
configure:21796: result: no
configure:21715: checking whether puts must be declared
configure:21753: gcc -c -g -O2 -Wall  conftest.c >&5
conftest.c: In function 'main':
conftest.c:56: warning: unused variable 'pfn'
configure:21759: $? = 0
configure:21763: test -z 
			 || test ! -s conftest.err
configure:21766: $? = 0
configure:21769: test -s conftest.o
configure:21772: $? = 0
configure:21796: result: no
configure:21715: checking whether fputs must be declared
configure:21753: gcc -c -g -O2 -Wall  conftest.c >&5
conftest.c: In function 'main':
conftest.c:56: warning: unused variable 'pfn'
configure:21759: $? = 0
configure:21763: test -z 
			 || test ! -s conftest.err
configure:21766: $? = 0
configure:21769: test -s conftest.o
configure:21772: $? = 0
configure:21796: result: no
configure:21715: checking whether fputc must be declared
configure:21753: gcc -c -g -O2 -Wall  conftest.c >&5
conftest.c: In function 'main':
conftest.c:56: warning: unused variable 'pfn'
configure:21759: $? = 0
configure:21763: test -z 
			 || test ! -s conftest.err
configure:21766: $? = 0
configure:21769: test -s conftest.o
configure:21772: $? = 0
configure:21796: result: no
configure:21715: checking whether fopen must be declared
configure:21753: gcc -c -g -O2 -Wall  conftest.c >&5
conftest.c: In function 'main':
conftest.c:56: warning: unused variable 'pfn'
configure:21759: $? = 0
configure:21763: test -z 
			 || test ! -s conftest.err
configure:21766: $? = 0
configure:21769: test -s conftest.o
configure:21772: $? = 0
configure:21796: result: no
configure:21715: checking whether fclose must be declared
configure:21753: gcc -c -g -O2 -Wall  conftest.c >&5
conftest.c: In function 'main':
conftest.c:56: warning: unused variable 'pfn'
configure:21759: $? = 0
configure:21763: test -z 
			 || test ! -s conftest.err
configure:21766: $? = 0
configure:21769: test -s conftest.o
configure:21772: $? = 0
configure:21796: result: no
configure:21715: checking whether fwrite must be declared
configure:21753: gcc -c -g -O2 -Wall  conftest.c >&5
conftest.c: In function 'main':
conftest.c:56: warning: unused variable 'pfn'
configure:21759: $? = 0
configure:21763: test -z 
			 || test ! -s conftest.err
configure:21766: $? = 0
configure:21769: test -s conftest.o
configure:21772: $? = 0
configure:21796: result: no
configure:21715: checking whether fflush must be declared
configure:21753: gcc -c -g -O2 -Wall  conftest.c >&5
conftest.c: In function 'main':
conftest.c:56: warning: unused variable 'pfn'
configure:21759: $? = 0
configure:21763: test -z 
			 || test ! -s conftest.err
configure:21766: $? = 0
configure:21769: test -s conftest.o
configure:21772: $? = 0
configure:21796: result: no
configure:21715: checking whether getopt must be declared
configure:21753: gcc -c -g -O2 -Wall  conftest.c >&5
conftest.c: In function 'main':
conftest.c:56: warning: unused variable 'pfn'
configure:21759: $? = 0
configure:21763: test -z 
			 || test ! -s conftest.err
configure:21766: $? = 0
configure:21769: test -s conftest.o
configure:21772: $? = 0
configure:21796: result: no
configure:21715: checking whether bzero must be declared
configure:21753: gcc -c -g -O2 -Wall  conftest.c >&5
conftest.c: In function 'main':
conftest.c:56: warning: unused variable 'pfn'
configure:21759: $? = 0
configure:21763: test -z 
			 || test ! -s conftest.err
configure:21766: $? = 0
configure:21769: test -s conftest.o
configure:21772: $? = 0
configure:21796: result: no
configure:21715: checking whether bcopy must be declared
configure:21753: gcc -c -g -O2 -Wall  conftest.c >&5
conftest.c: In function 'main':
conftest.c:56: warning: unused variable 'pfn'
configure:21759: $? = 0
configure:21763: test -z 
			 || test ! -s conftest.err
configure:21766: $? = 0
configure:21769: test -s conftest.o
configure:21772: $? = 0
configure:21796: result: no
configure:21715: checking whether memset must be declared
configure:21753: gcc -c -g -O2 -Wall  conftest.c >&5
conftest.c: In function 'main':
conftest.c:56: warning: unused variable 'pfn'
configure:21759: $? = 0
configure:21763: test -z 
			 || test ! -s conftest.err
configure:21766: $? = 0
configure:21769: test -s conftest.o
configure:21772: $? = 0
configure:21796: result: no
configure:21715: checking whether strtol must be declared
configure:21753: gcc -c -g -O2 -Wall  conftest.c >&5
conftest.c: In function 'main':
conftest.c:56: warning: unused variable 'pfn'
configure:21759: $? = 0
configure:21763: test -z 
			 || test ! -s conftest.err
configure:21766: $? = 0
configure:21769: test -s conftest.o
configure:21772: $? = 0
configure:21796: result: no
configure:21715: checking whether strcasecmp must be declared
configure:21753: gcc -c -g -O2 -Wall  conftest.c >&5
conftest.c: In function 'main':
conftest.c:56: warning: unused variable 'pfn'
configure:21759: $? = 0
configure:21763: test -z 
			 || test ! -s conftest.err
configure:21766: $? = 0
configure:21769: test -s conftest.o
configure:21772: $? = 0
configure:21796: result: no
configure:21715: checking whether strncasecmp must be declared
configure:21753: gcc -c -g -O2 -Wall  conftest.c >&5
conftest.c: In function 'main':
conftest.c:56: warning: unused variable 'pfn'
configure:21759: $? = 0
configure:21763: test -z 
			 || test ! -s conftest.err
configure:21766: $? = 0
configure:21769: test -s conftest.o
configure:21772: $? = 0
configure:21796: result: no
configure:21715: checking whether strerror must be declared
configure:21753: gcc -c -g -O2 -Wall  conftest.c >&5
conftest.c: In function 'main':
conftest.c:56: warning: unused variable 'pfn'
configure:21759: $? = 0
configure:21763: test -z 
			 || test ! -s conftest.err
configure:21766: $? = 0
configure:21769: test -s conftest.o
configure:21772: $? = 0
configure:21796: result: no
configure:21715: checking whether perror must be declared
configure:21753: gcc -c -g -O2 -Wall  conftest.c >&5
conftest.c: In function 'main':
conftest.c:56: warning: unused variable 'pfn'
configure:21759: $? = 0
configure:21763: test -z 
			 || test ! -s conftest.err
configure:21766: $? = 0
configure:21769: test -s conftest.o
configure:21772: $? = 0
configure:21796: result: no
configure:21715: checking whether socket must be declared
configure:21753: gcc -c -g -O2 -Wall  conftest.c >&5
conftest.c: In function 'main':
conftest.c:56: warning: unused variable 'pfn'
configure:21759: $? = 0
configure:21763: test -z 
			 || test ! -s conftest.err
configure:21766: $? = 0
configure:21769: test -s conftest.o
configure:21772: $? = 0
configure:21796: result: no
configure:21715: checking whether sendto must be declared
configure:21753: gcc -c -g -O2 -Wall  conftest.c >&5
conftest.c: In function 'main':
conftest.c:56: warning: unused variable 'pfn'
configure:21759: $? = 0
configure:21763: test -z 
			 || test ! -s conftest.err
configure:21766: $? = 0
configure:21769: test -s conftest.o
configure:21772: $? = 0
configure:21796: result: no
configure:21715: checking whether vsnprintf must be declared
configure:21753: gcc -c -g -O2 -Wall  conftest.c >&5
conftest.c: In function 'main':
conftest.c:56: warning: unused variable 'pfn'
configure:21759: $? = 0
configure:21763: test -z 
			 || test ! -s conftest.err
configure:21766: $? = 0
configure:21769: test -s conftest.o
configure:21772: $? = 0
configure:21796: result: no
configure:21715: checking whether snprintf must be declared
configure:21753: gcc -c -g -O2 -Wall  conftest.c >&5
conftest.c: In function 'main':
conftest.c:56: warning: unused variable 'pfn'
configure:21759: $? = 0
configure:21763: test -z 
			 || test ! -s conftest.err
configure:21766: $? = 0
configure:21769: test -s conftest.o
configure:21772: $? = 0
configure:21796: result: no
configure:21715: checking whether strtoul must be declared
configure:21753: gcc -c -g -O2 -Wall  conftest.c >&5
conftest.c: In function 'main':
conftest.c:56: warning: unused variable 'pfn'
configure:21759: $? = 0
configure:21763: test -z 
			 || test ! -s conftest.err
configure:21766: $? = 0
configure:21769: test -s conftest.o
configure:21772: $? = 0
configure:21796: result: no
configure:21807: checking for snprintf
configure:21864: gcc -o conftest -g -O2 -Wall   conftest.c -lnsl  >&5
conftest.c:59: warning: conflicting types for built-in function 'snprintf'
configure:21870: $? = 0
configure:21874: test -z 
			 || test ! -s conftest.err
configure:21877: $? = 0
configure:21880: test -s conftest
configure:21883: $? = 0
configure:21895: result: yes
configure:21909: checking for strlcpy
configure:21966: gcc -o conftest -g -O2 -Wall   conftest.c -lnsl  >&5
/tmp/ccsQG0LM.o: In function `main':
/home/keith/svn/Helpers/snort/conftest.c:75: undefined reference to `strlcpy'
/tmp/ccsQG0LM.o:(.data+0x0): undefined reference to `strlcpy'
collect2: ld returned 1 exit status
configure:21972: $? = 1
configure: failed program was:
| /* confdefs.h.  */
| 
| #define PACKAGE_NAME ""
| #define PACKAGE_TARNAME ""
| #define PACKAGE_VERSION ""
| #define PACKAGE_STRING ""
| #define PACKAGE_BUGREPORT ""
| #define PACKAGE "snort"
| #define VERSION "2.8.0.1"
| #define STDC_HEADERS 1
| #define HAVE_SYS_TYPES_H 1
| #define HAVE_SYS_STAT_H 1
| #define HAVE_STDLIB_H 1
| #define HAVE_STRING_H 1
| #define HAVE_MEMORY_H 1
| #define HAVE_STRINGS_H 1
| #define HAVE_INTTYPES_H 1
| #define HAVE_STDINT_H 1
| #define HAVE_UNISTD_H 1
| #define HAVE_DLFCN_H 1
| #ifdef __cplusplus
| extern "C" void std::exit (int) throw (); using std::exit;
| #endif
| #define LINUX
| #define PCAP_TIMEOUT_IGNORED
| #define HAVE_STRINGS_H 1
| #define HAVE_STRING_H 1
| #define HAVE_STDLIB_H 1
| #define HAVE_UNISTD_H 1
| #define HAVE_PATHS_H 1
| #define HAVE_INTTYPES_H 1
| #define HAVE_WCHAR_H 1
| #define HAVE_LIBNSL 1
| #define HAVE_SNPRINTF 1
| /* end confdefs.h.  */
| /* Define strlcpy to an innocuous variant, in case <limits.h> declares strlcpy.
|    For example, HP-UX 11i <limits.h> declares gettimeofday.  */
| #define strlcpy innocuous_strlcpy
| 
| /* System header to define __stub macros and hopefully few prototypes,
|     which can conflict with char strlcpy (); below.
|     Prefer <limits.h> to <assert.h> if __STDC__ is defined, since
|     <limits.h> exists even on freestanding compilers.  */
| 
| #ifdef __STDC__
| # include <limits.h>
| #else
| # include <assert.h>
| #endif
| 
| #undef strlcpy
| 
| /* Override any gcc2 internal prototype to avoid an error.  */
| #ifdef __cplusplus
| extern "C"
| {
| #endif
| /* We use char because int might match the return type of a gcc2
|    builtin and then its argument prototype would still apply.  */
| char strlcpy ();
| /* The GNU C library defines this for functions which it implements
|     to always fail with ENOSYS.  Some functions are actually named
|     something starting with __ and the normal name is an alias.  */
| #if defined (__stub_strlcpy) || defined (__stub___strlcpy)
| choke me
| #else
| char (*f) () = strlcpy;
| #endif
| #ifdef __cplusplus
| }
| #endif
| 
| int
| main ()
| {
| return f != strlcpy;
|   ;
|   return 0;
| }
configure:21997: result: no
configure:22011: checking for strlcat
configure:22068: gcc -o conftest -g -O2 -Wall   conftest.c -lnsl  >&5
/tmp/cc2szrX0.o: In function `main':
/home/keith/svn/Helpers/snort/conftest.c:75: undefined reference to `strlcat'
/tmp/cc2szrX0.o:(.data+0x0): undefined reference to `strlcat'
collect2: ld returned 1 exit status
configure:22074: $? = 1
configure: failed program was:
| /* confdefs.h.  */
| 
| #define PACKAGE_NAME ""
| #define PACKAGE_TARNAME ""
| #define PACKAGE_VERSION ""
| #define PACKAGE_STRING ""
| #define PACKAGE_BUGREPORT ""
| #define PACKAGE "snort"
| #define VERSION "2.8.0.1"
| #define STDC_HEADERS 1
| #define HAVE_SYS_TYPES_H 1
| #define HAVE_SYS_STAT_H 1
| #define HAVE_STDLIB_H 1
| #define HAVE_STRING_H 1
| #define HAVE_MEMORY_H 1
| #define HAVE_STRINGS_H 1
| #define HAVE_INTTYPES_H 1
| #define HAVE_STDINT_H 1
| #define HAVE_UNISTD_H 1
| #define HAVE_DLFCN_H 1
| #ifdef __cplusplus
| extern "C" void std::exit (int) throw (); using std::exit;
| #endif
| #define LINUX
| #define PCAP_TIMEOUT_IGNORED
| #define HAVE_STRINGS_H 1
| #define HAVE_STRING_H 1
| #define HAVE_STDLIB_H 1
| #define HAVE_UNISTD_H 1
| #define HAVE_PATHS_H 1
| #define HAVE_INTTYPES_H 1
| #define HAVE_WCHAR_H 1
| #define HAVE_LIBNSL 1
| #define HAVE_SNPRINTF 1
| /* end confdefs.h.  */
| /* Define strlcat to an innocuous variant, in case <limits.h> declares strlcat.
|    For example, HP-UX 11i <limits.h> declares gettimeofday.  */
| #define strlcat innocuous_strlcat
| 
| /* System header to define __stub macros and hopefully few prototypes,
|     which can conflict with char strlcat (); below.
|     Prefer <limits.h> to <assert.h> if __STDC__ is defined, since
|     <limits.h> exists even on freestanding compilers.  */
| 
| #ifdef __STDC__
| # include <limits.h>
| #else
| # include <assert.h>
| #endif
| 
| #undef strlcat
| 
| /* Override any gcc2 internal prototype to avoid an error.  */
| #ifdef __cplusplus
| extern "C"
| {
| #endif
| /* We use char because int might match the return type of a gcc2
|    builtin and then its argument prototype would still apply.  */
| char strlcat ();
| /* The GNU C library defines this for functions which it implements
|     to always fail with ENOSYS.  Some functions are actually named
|     something starting with __ and the normal name is an alias.  */
| #if defined (__stub_strlcat) || defined (__stub___strlcat)
| choke me
| #else
| char (*f) () = strlcat;
| #endif
| #ifdef __cplusplus
| }
| #endif
| 
| int
| main ()
| {
| return f != strlcat;
|   ;
|   return 0;
| }
configure:22099: result: no
configure:22113: checking for strerror
configure:22170: gcc -o conftest -g -O2 -Wall   conftest.c -lnsl  >&5
configure:22176: $? = 0
configure:22180: test -z 
			 || test ! -s conftest.err
configure:22183: $? = 0
configure:22186: test -s conftest
configure:22189: $? = 0
configure:22201: result: yes
configure:22215: checking for vswprintf
configure:22272: gcc -o conftest -g -O2 -Wall   conftest.c -lnsl  >&5
configure:22278: $? = 0
configure:22282: test -z 
			 || test ! -s conftest.err
configure:22285: $? = 0
configure:22288: test -s conftest
configure:22291: $? = 0
configure:22303: result: yes
configure:22317: checking for wprintf
configure:22374: gcc -o conftest -g -O2 -Wall   conftest.c -lnsl  >&5
configure:22380: $? = 0
configure:22384: test -z 
			 || test ! -s conftest.err
configure:22387: $? = 0
configure:22390: test -s conftest
configure:22393: $? = 0
configure:22405: result: yes
configure:22416: checking for sizeof(unsigned long)
configure:22446: gcc -o conftest -g -O2 -Wall   conftest.c -lnsl  >&5
configure:22449: $? = 0
configure:22451: ./conftest
configure:22454: $? = 1
configure: program exited with status 1
configure: failed program was:
| /* confdefs.h.  */
| 
| #define PACKAGE_NAME ""
| #define PACKAGE_TARNAME ""
| #define PACKAGE_VERSION ""
| #define PACKAGE_STRING ""
| #define PACKAGE_BUGREPORT ""
| #define PACKAGE "snort"
| #define VERSION "2.8.0.1"
| #define STDC_HEADERS 1
| #define HAVE_SYS_TYPES_H 1
| #define HAVE_SYS_STAT_H 1
| #define HAVE_STDLIB_H 1
| #define HAVE_STRING_H 1
| #define HAVE_MEMORY_H 1
| #define HAVE_STRINGS_H 1
| #define HAVE_INTTYPES_H 1
| #define HAVE_STDINT_H 1
| #define HAVE_UNISTD_H 1
| #define HAVE_DLFCN_H 1
| #ifdef __cplusplus
| extern "C" void std::exit (int) throw (); using std::exit;
| #endif
| #define LINUX
| #define PCAP_TIMEOUT_IGNORED
| #define HAVE_STRINGS_H 1
| #define HAVE_STRING_H 1
| #define HAVE_STDLIB_H 1
| #define HAVE_UNISTD_H 1
| #define HAVE_PATHS_H 1
| #define HAVE_INTTYPES_H 1
| #define HAVE_WCHAR_H 1
| #define HAVE_LIBNSL 1
| #define HAVE_SNPRINTF 1
| #define HAVE_STRERROR 1
| #define HAVE_VSWPRINTF 1
| #define HAVE_WPRINTF 1
| /* end confdefs.h.  */
| 
| int
| main ()
| {
| 
|     if (sizeof(unsigned long) == 8)
|         return 0;
| 
|     return 1;
| 
|   ;
|   return 0;
| }
configure:22476: result: 32 bits
configure:22498: gcc -c -g -O2 -Wall  conftest.c >&5
conftest.c: In function 'main':
conftest.c:45: warning: assignment discards qualifiers from pointer target type
configure:22504: $? = 0
configure:22508: test -z 
			 || test ! -s conftest.err
configure:22511: $? = 0
configure:22514: test -s conftest.o
configure:22517: $? = 0
configure:22531: checking for __FUNCTION__
configure:22551: gcc -c -g -O2 -Wall  conftest.c >&5
configure:22557: $? = 0
configure:22561: test -z 
			 || test ! -s conftest.err
configure:22564: $? = 0
configure:22567: test -s conftest.o
configure:22570: $? = 0
configure:22581: result: yes
configure:22725: checking for floor in -lm
configure:22755: gcc -o conftest -g -O2 -Wall   conftest.c -lm  -lnsl  >&5
conftest.c:48: warning: conflicting types for built-in function 'floor'
configure:22761: $? = 0
configure:22765: test -z 
			 || test ! -s conftest.err
configure:22768: $? = 0
configure:22771: test -s conftest
configure:22774: $? = 0
configure:22787: result: yes
configure:22801: checking for pcap_datalink in -lpcap
configure:22831: gcc -o conftest -g -O2 -Wall   conftest.c -lpcap  -lm -lnsl  >&5
configure:22837: $? = 0
configure:22841: test -z 
			 || test ! -s conftest.err
configure:22844: $? = 0
configure:22847: test -s conftest
configure:22850: $? = 0
configure:22863: result: yes
configure:23217: checking for libpcap version >= 0.9
configure:23249: gcc -o conftest -g -O2 -Wall   conftest.c -lpcap -lm -lnsl  >&5
configure:23252: $? = 0
configure:23254: ./conftest
configure:23257: $? = 0
configure:23270: result: yes
configure:23291: checking for libpcap version 0.9.0 - 0.9.4
configure:23323: gcc -o conftest -g -O2 -Wall   conftest.c -lpcap -lm -lnsl  >&5
configure:23326: $? = 0
configure:23328: ./conftest
configure:23331: $? = 0
configure:23344: result: no
configure:23416: checking pcre.h usability
configure:23428: gcc -c -g -O2 -Wall   conftest.c >&5
configure:23434: $? = 0
configure:23438: test -z 
			 || test ! -s conftest.err
configure:23441: $? = 0
configure:23444: test -s conftest.o
configure:23447: $? = 0
configure:23457: result: yes
configure:23461: checking pcre.h presence
configure:23471: gcc -E   conftest.c
configure:23477: $? = 0
configure:23497: result: yes
configure:23532: checking for pcre.h
configure:23539: result: yes
configure:23565: checking for pcre_compile in -lpcre
configure:23595: gcc -o conftest -g -O2 -Wall    -L/usr/lib -lpcre conftest.c -lpcre  -lpcap -lm -lnsl  >&5
configure:23601: $? = 0
configure:23605: test -z 
			 || test ! -s conftest.err
configure:23608: $? = 0
configure:23611: test -s conftest
configure:23614: $? = 0
configure:23627: result: yes
configure:23647: checking for libpcre version 4.0 or greater
configure:23673: gcc -o conftest -g -O2 -Wall    -L/usr/lib -lpcre conftest.c -lpcre -lpcap -lm -lnsl  >&5
conftest.c: In function 'main':
conftest.c:56: warning: 'tmp' is used uninitialized in this function
conftest.c:56: warning: 'c' is used uninitialized in this function
conftest.c:56: warning: 'd' is used uninitialized in this function
configure:23679: $? = 0
configure:23683: test -z 
			 || test ! -s conftest.err
configure:23686: $? = 0
configure:23689: test -s conftest
configure:23692: $? = 0
configure:23714: result: yes
configure:24794: checking for dlsym in -ldl
configure:24824: gcc -o conftest -g -O2 -Wall -DDYNAMIC_PLUGIN    -L/usr/lib -lpcre conftest.c -ldl  -lpcre -lpcap -lm -lnsl  >&5
configure:24830: $? = 0
configure:24834: test -z 
			 || test ! -s conftest.err
configure:24837: $? = 0
configure:24840: test -s conftest
configure:24843: $? = 0
configure:24856: result: yes
configure:26688: checking for u_int8_t
configure:26712: gcc -c -g -O2 -Wall -DDYNAMIC_PLUGIN   conftest.c >&5
configure:26718: $? = 0
configure:26722: test -z 
			 || test ! -s conftest.err
configure:26725: $? = 0
configure:26728: test -s conftest.o
configure:26731: $? = 0
configure:26742: result: yes
configure:26754: checking for u_int16_t
configure:26778: gcc -c -g -O2 -Wall -DDYNAMIC_PLUGIN   conftest.c >&5
configure:26784: $? = 0
configure:26788: test -z 
			 || test ! -s conftest.err
configure:26791: $? = 0
configure:26794: test -s conftest.o
configure:26797: $? = 0
configure:26808: result: yes
configure:26820: checking for u_int32_t
configure:26844: gcc -c -g -O2 -Wall -DDYNAMIC_PLUGIN   conftest.c >&5
configure:26850: $? = 0
configure:26854: test -z 
			 || test ! -s conftest.err
configure:26857: $? = 0
configure:26860: test -s conftest.o
configure:26863: $? = 0
configure:26874: result: yes
configure:26919: checking for a BSD-compatible install
configure:26974: result: /usr/bin/install -c
configure:27130: creating ./config.status

## ---------------------- ##
## Running config.status. ##
## ---------------------- ##

This file was extended by config.status, which was
generated by GNU Autoconf 2.59.  Invocation command line was

  CONFIG_FILES    = 
  CONFIG_HEADERS  = 
  CONFIG_LINKS    = 
  CONFIG_COMMANDS = 
  $ ./config.status 

on keith-desktop

config.status:777: creating Makefile
config.status:777: creating src/Makefile
config.status:777: creating src/sfutil/Makefile
config.status:777: creating src/detection-plugins/Makefile
config.status:777: creating src/dynamic-plugins/Makefile
config.status:777: creating src/dynamic-plugins/sf_engine/Makefile
config.status:777: creating src/dynamic-plugins/sf_engine/examples/Makefile
config.status:777: creating src/dynamic-plugins/sf_preproc_example/Makefile
config.status:777: creating src/dynamic-preprocessors/Makefile
config.status:777: creating src/dynamic-preprocessors/ftptelnet/Makefile
config.status:777: creating src/dynamic-preprocessors/smtp/Makefile
config.status:777: creating src/dynamic-preprocessors/ssh/Makefile
config.status:777: creating src/dynamic-preprocessors/dcerpc/Makefile
config.status:777: creating src/dynamic-preprocessors/dns/Makefile
config.status:777: creating src/dynamic-examples/Makefile
config.status:777: creating src/dynamic-examples/dynamic-preprocessor/Makefile
config.status:777: creating src/dynamic-examples/dynamic-rule/Makefile
config.status:777: creating src/output-plugins/Makefile
config.status:777: creating src/preprocessors/Makefile
config.status:777: creating src/preprocessors/HttpInspect/Makefile
config.status:777: creating src/preprocessors/HttpInspect/include/Makefile
config.status:777: creating src/preprocessors/HttpInspect/utils/Makefile
config.status:777: creating src/preprocessors/HttpInspect/anomaly_detection/Makefile
config.status:777: creating src/preprocessors/HttpInspect/client/Makefile
config.status:777: creating src/preprocessors/HttpInspect/event_output/Makefile
config.status:777: creating src/preprocessors/HttpInspect/mode_inspection/Makefile
config.status:777: creating src/preprocessors/HttpInspect/normalization/Makefile
config.status:777: creating src/preprocessors/HttpInspect/server/Makefile
config.status:777: creating src/preprocessors/HttpInspect/session_inspection/Makefile
config.status:777: creating src/preprocessors/HttpInspect/user_interface/Makefile
config.status:777: creating src/preprocessors/flow/Makefile
config.status:777: creating src/preprocessors/flow/int-snort/Makefile
config.status:777: creating src/preprocessors/flow/portscan/Makefile
config.status:777: creating src/preprocessors/Stream5/Makefile
config.status:777: creating src/parser/Makefile
config.status:777: creating src/target-based/Makefile
config.status:777: creating doc/Makefile
config.status:777: creating contrib/Makefile
config.status:777: creating schemas/Makefile
config.status:777: creating rpm/Makefile
config.status:777: creating preproc_rules/Makefile
config.status:777: creating m4/Makefile
config.status:777: creating etc/Makefile
config.status:777: creating templates/Makefile
config.status:777: creating src/win32/Makefile
config.status:881: creating config.h
config.status:1051: config.h is unchanged
config.status:1231: executing depfiles commands

## ---------------- ##
## Cache variables. ##
## ---------------- ##

ac_cv_build=i686-pc-linux-gnu
ac_cv_build_alias=i686-pc-linux-gnu
ac_cv_c_bigendian=no
ac_cv_c_compiler_gnu=yes
ac_cv_cxx_compiler_gnu=yes
ac_cv_env_CC_set=
ac_cv_env_CC_value=
ac_cv_env_CFLAGS_set=
ac_cv_env_CFLAGS_value=
ac_cv_env_CPPFLAGS_set=
ac_cv_env_CPPFLAGS_value=
ac_cv_env_CPP_set=
ac_cv_env_CPP_value=
ac_cv_env_CXXCPP_set=
ac_cv_env_CXXCPP_value=
ac_cv_env_CXXFLAGS_set=
ac_cv_env_CXXFLAGS_value=
ac_cv_env_CXX_set=
ac_cv_env_CXX_value=
ac_cv_env_F77_set=
ac_cv_env_F77_value=
ac_cv_env_FFLAGS_set=
ac_cv_env_FFLAGS_value=
ac_cv_env_LDFLAGS_set=
ac_cv_env_LDFLAGS_value=
ac_cv_env_build_alias_set=
ac_cv_env_build_alias_value=
ac_cv_env_host_alias_set=
ac_cv_env_host_alias_value=
ac_cv_env_target_alias_set=
ac_cv_env_target_alias_value=
ac_cv_exeext=
ac_cv_f77_compiler_gnu=no
ac_cv_func_snprintf=yes
ac_cv_func_strerror=yes
ac_cv_func_strlcat=no
ac_cv_func_strlcpy=no
ac_cv_func_vswprintf=yes
ac_cv_func_wprintf=yes
ac_cv_header_dlfcn_h=yes
ac_cv_header_inttypes_h=yes
ac_cv_header_memory_h=yes
ac_cv_header_paths_h=yes
ac_cv_header_pcre_h=yes
ac_cv_header_stdc=yes
ac_cv_header_stdint_h=yes
ac_cv_header_stdlib_h=yes
ac_cv_header_string_h=yes
ac_cv_header_strings_h=yes
ac_cv_header_sys_sockio_h=no
ac_cv_header_sys_stat_h=yes
ac_cv_header_sys_types_h=yes
ac_cv_header_unistd_h=yes
ac_cv_header_wchar_h=yes
ac_cv_host=i686-pc-linux-gnu
ac_cv_host_alias=i686-pc-linux-gnu
ac_cv_lib_dl_dlsym=yes
ac_cv_lib_m_floor=yes
ac_cv_lib_nsl_inet_ntoa=yes
ac_cv_lib_pcap_pcap_datalink=yes
ac_cv_lib_pcre_pcre_compile=yes
ac_cv_lib_socket_socket=no
ac_cv_objext=o
ac_cv_path_install='/usr/bin/install -c'
ac_cv_prog_AWK=gawk
ac_cv_prog_CPP='gcc -E'
ac_cv_prog_CXXCPP='g++ -E'
ac_cv_prog_ac_ct_AR=ar
ac_cv_prog_ac_ct_CC=gcc
ac_cv_prog_ac_ct_CXX=g++
ac_cv_prog_ac_ct_RANLIB=ranlib
ac_cv_prog_ac_ct_STRIP=strip
ac_cv_prog_cc_g=yes
ac_cv_prog_cc_stdc=
ac_cv_prog_cxx_g=yes
ac_cv_prog_egrep='grep -E'
ac_cv_prog_f77_g=no
ac_cv_prog_make_make_set=yes
ac_cv_type_u_int16_t=yes
ac_cv_type_u_int32_t=yes
ac_cv_type_u_int8_t=yes
am_cv_CC_dependencies_compiler_type=gcc3
am_cv_CXX_dependencies_compiler_type=gcc3
am_cv_prog_cc_stdc=
lt_cv_deplibs_check_method=pass_all
lt_cv_file_magic_cmd='$MAGIC_CMD'
lt_cv_file_magic_test_file=
lt_cv_ld_reload_flag=-r
lt_cv_objdir=.libs
lt_cv_path_LD=/usr/bin/ld
lt_cv_path_LDCXX=/usr/bin/ld
lt_cv_path_NM='/usr/bin/nm -B'
lt_cv_path_SED=/bin/sed
lt_cv_prog_compiler_c_o=yes
lt_cv_prog_compiler_c_o_CXX=yes
lt_cv_prog_compiler_rtti_exceptions=no
lt_cv_prog_gnu_ld=yes
lt_cv_prog_gnu_ldcxx=yes
lt_cv_sys_global_symbol_pipe='sed -n -e '\''s/^.*[ 	]\([ABCDGIRSTW][ABCDGIRSTW]*\)[ 	][ 	]*\([_A-Za-z][_A-Za-z0-9]*\)$/\1 \2 \2/p'\'''
lt_cv_sys_global_symbol_to_c_name_address='sed -n -e '\''s/^: \([^ ]*\) $/  {\"\1\", (lt_ptr) 0},/p'\'' -e '\''s/^[BCDEGRST] \([^ ]*\) \([^ ]*\)$/  {"\2", (lt_ptr) \&\2},/p'\'''
lt_cv_sys_global_symbol_to_cdecl='sed -n -e '\''s/^. .* \(.*\)$/extern int \1;/p'\'''
lt_cv_sys_max_cmd_len=32768
lt_lt_cv_prog_compiler_c_o='"yes"'
lt_lt_cv_prog_compiler_c_o_CXX='"yes"'
lt_lt_cv_sys_global_symbol_pipe='"sed -n -e '\''s/^.*[ 	]\\([ABCDGIRSTW][ABCDGIRSTW]*\\)[ 	][ 	]*\\([_A-Za-z][_A-Za-z0-9]*\\)\$/\\1 \\2 \\2/p'\''"'
lt_lt_cv_sys_global_symbol_to_c_name_address='"sed -n -e '\''s/^: \\([^ ]*\\) \$/  {\\\"\\1\\\", (lt_ptr) 0},/p'\'' -e '\''s/^[BCDEGRST] \\([^ ]*\\) \\([^ ]*\\)\$/  {\"\\2\", (lt_ptr) \\&\\2},/p'\''"'
lt_lt_cv_sys_global_symbol_to_cdecl='"sed -n -e '\''s/^. .* \\(.*\\)\$/extern int \\1;/p'\''"'
sn_cv_decl_needed_bcopy=no
sn_cv_decl_needed_bzero=no
sn_cv_decl_needed_fclose=no
sn_cv_decl_needed_fflush=no
sn_cv_decl_needed_fopen=no
sn_cv_decl_needed_fprintf=no
sn_cv_decl_needed_fputc=no
sn_cv_decl_needed_fputs=no
sn_cv_decl_needed_fwrite=no
sn_cv_decl_needed_getopt=no
sn_cv_decl_needed_memset=no
sn_cv_decl_needed_perror=no
sn_cv_decl_needed_printf=no
sn_cv_decl_needed_puts=no
sn_cv_decl_needed_sendto=no
sn_cv_decl_needed_snprintf=no
sn_cv_decl_needed_socket=no
sn_cv_decl_needed_strcasecmp=no
sn_cv_decl_needed_strerror=no
sn_cv_decl_needed_strncasecmp=no
sn_cv_decl_needed_strtol=no
sn_cv_decl_needed_strtoul=no
sn_cv_decl_needed_syslog=no
sn_cv_decl_needed_vsnprintf=no
sn_cv_have___FUNCTION__=yes

## ----------------- ##
## Output variables. ##
## ----------------- ##

ACLOCAL='${SHELL} /home/keith/svn/Helpers/snort/missing --run aclocal-1.9'
AMDEPBACKSLASH='\'
AMDEP_FALSE='#'
AMDEP_TRUE=''
AMTAR='${SHELL} /home/keith/svn/Helpers/snort/missing --run tar'
AR='ar'
AUTOCONF='${SHELL} /home/keith/svn/Helpers/snort/missing --run autoconf'
AUTOHEADER='${SHELL} /home/keith/svn/Helpers/snort/missing --run autoheader'
AUTOMAKE='${SHELL} /home/keith/svn/Helpers/snort/missing --run automake-1.9'
AWK='gawk'
CC='gcc'
CCDEPMODE='depmode=gcc3'
CFLAGS='-g -O2 -Wall -DDYNAMIC_PLUGIN -fno-strict-aliasing'
CPP='gcc -E'
CPPFLAGS=' -fno-strict-aliasing'
CXX='g++'
CXXCPP='g++ -E'
CXXDEPMODE='depmode=gcc3'
CXXFLAGS='-g -O2'
CYGPATH_W='echo'
DEFS='-DHAVE_CONFIG_H'
DEPDIR='.deps'
ECHO='echo'
ECHO_C=''
ECHO_N='-n'
ECHO_T=''
EGREP='grep -E'
EXEEXT=''
F77=''
FFLAGS=''
HAVE_DYNAMIC_PLUGINS_FALSE='#'
HAVE_DYNAMIC_PLUGINS_TRUE=''
HAVE_TARGET_BASED_FALSE=''
HAVE_TARGET_BASED_TRUE='#'
INCLUDES='-I$(top_srcdir) -I$(top_srcdir)/src -I$(top_srcdir)/src/sfutil $(extra_incl) -I$(top_srcdir)/src/output-plugins -I$(top_srcdir)/src/detection-plugins -I$(top_srcdir)/src/dynamic-plugins -I$(top_srcdir)/src/preprocessors -I$(top_srcdir)/src/preprocessors/flow -I$(top_srcdir)/src/preprocessors/portscan  -I$(top_srcdir)/src/preprocessors/flow/int-snort  -I$(top_srcdir)/src/preprocessors/HttpInspect/include -I$(top_srcdir)/src/preprocessors/Stream5 -I$(top_srcdir)/src/target-based'
INSTALL_DATA='${INSTALL} -m 644'
INSTALL_PROGRAM='${INSTALL}'
INSTALL_SCRIPT='${INSTALL}'
INSTALL_STRIP_PROGRAM='${SHELL} $(install_sh) -c -s'
LDFLAGS=' -L/usr/lib -lpcre'
LEX='none'
LIBOBJS=''
LIBPRELUDE_CFLAGS=''
LIBPRELUDE_CONFIG=''
LIBPRELUDE_CONFIG_PREFIX=''
LIBPRELUDE_LDFLAGS=''
LIBPRELUDE_LIBS=''
LIBPRELUDE_PREFIX=''
LIBPRELUDE_PTHREAD_CFLAGS=''
LIBS='-ldl -lpcre -lpcap -lm -lnsl  -ldl'
LIBTOOL='$(SHELL) $(top_builddir)/libtool'
LN_S='ln -s'
LTLIBOBJS=''
MAINT='#'
MAINTAINER_MODE_FALSE=''
MAINTAINER_MODE_TRUE='#'
MAKEINFO='${SHELL} /home/keith/svn/Helpers/snort/missing --run makeinfo'
OBJEXT='o'
PACKAGE='snort'
PACKAGE_BUGREPORT=''
PACKAGE_NAME=''
PACKAGE_STRING=''
PACKAGE_TARNAME=''
PACKAGE_VERSION=''
PATH_SEPARATOR=':'
RANLIB='ranlib'
SED='/bin/sed'
SET_MAKE=''
SHELL='/bin/sh'
STRIP='strip'
VERSION='2.8.0.1'
YACC='none'
ac_ct_AR='ar'
ac_ct_CC='gcc'
ac_ct_CXX='g++'
ac_ct_F77=''
ac_ct_RANLIB='ranlib'
ac_ct_STRIP='strip'
am__fastdepCC_FALSE='#'
am__fastdepCC_TRUE=''
am__fastdepCXX_FALSE='#'
am__fastdepCXX_TRUE=''
am__include='include'
am__leading_dot='.'
am__quote=''
am__tar='${AMTAR} chof - "$$tardir"'
am__untar='${AMTAR} xf -'
bindir='${exec_prefix}/bin'
build='i686-pc-linux-gnu'
build_alias=''
build_cpu='i686'
build_os='linux-gnu'
build_vendor='pc'
datadir='${prefix}/share'
exec_prefix='${prefix}'
extra_incl='-I/usr/include/pcap'
host='i686-pc-linux-gnu'
host_alias=''
host_cpu='i686'
host_os='linux-gnu'
host_vendor='pc'
includedir='${prefix}/include'
infodir='${prefix}/info'
install_sh='/home/keith/svn/Helpers/snort/install-sh'
libdir='${exec_prefix}/lib'
libexecdir='${exec_prefix}/libexec'
localstatedir='${prefix}/var'
mandir='${prefix}/man'
mkdir_p='mkdir -p --'
oldincludedir='/usr/include'
prefix='/usr/local'
program_transform_name='s,x,x,'
sbindir='${exec_prefix}/sbin'
sharedstatedir='${prefix}/com'
sysconfdir='${prefix}/etc'
target_alias=''

## ----------- ##
## confdefs.h. ##
## ----------- ##

#define ERRLIST_PREDEFINED
#define HAVE_DLFCN_H 1
#define HAVE_INTTYPES_H 1
#define HAVE_INTTYPES_H 1
#define HAVE_LIBDL 1
#define HAVE_LIBM 1
#define HAVE_LIBNSL 1
#define HAVE_LIBPCAP 1
#define HAVE_LIBPCRE 1
#define HAVE_MEMORY_H 1
#define HAVE_PATHS_H 1
#define HAVE_PCRE_H 1
#define HAVE_SNPRINTF 1
#define HAVE_STDINT_H 1
#define HAVE_STDLIB_H 1
#define HAVE_STDLIB_H 1
#define HAVE_STRERROR 1
#define HAVE_STRINGS_H 1
#define HAVE_STRINGS_H 1
#define HAVE_STRING_H 1
#define HAVE_STRING_H 1
#define HAVE_SYS_STAT_H 1
#define HAVE_SYS_TYPES_H 1
#define HAVE_UNISTD_H 1
#define HAVE_UNISTD_H 1
#define HAVE_VSWPRINTF 1
#define HAVE_WCHAR_H 1
#define HAVE_WPRINTF 1
#define HAVE___FUNCTION__ 1
#define LIBPCAP_ACCUMULATES
#define LINUX
#define PACKAGE "snort"
#define PACKAGE_BUGREPORT ""
#define PACKAGE_NAME ""
#define PACKAGE_STRING ""
#define PACKAGE_TARNAME ""
#define PACKAGE_VERSION ""
#define PCAP_TIMEOUT_IGNORED
#define STDC_HEADERS 1
#define VERSION "2.8.0.1"
#endif
#ifdef __cplusplus
extern "C" void std::exit (int) throw (); using std::exit;

configure: exit 0
